<?xml version="1.0" encoding="UTF-8"?>
<!-- Generated by org.testng.reporters.JUnitReportReporter -->
<testsuite hostname="admin-PC" failures="0" tests="1" name="com.atuomation.testcase.LoginPageTest" time="9.977" errors="0" timestamp="14 Feb 2021 12:43:21 GMT" skipped="0">
  <testcase classname="com.atuomation.testcase.LoginPageTest" name="LoginTOApplication" time="9.977"/>
</testsuite> <!-- com.atuomation.testcase.LoginPageTest -->
