<?xml version="1.0" encoding="UTF-8"?>
<!-- Generated by org.testng.reporters.JUnitReportReporter -->
<testsuite hostname="admin-PC" failures="0" tests="1" name="com.atuomation.testcase.HomePageTest" time="16.053" errors="0" timestamp="14 Feb 2021 12:43:21 GMT" skipped="0">
  <testcase classname="com.atuomation.testcase.HomePageTest" name="perfromSearchItem" time="16.053"/>
</testsuite> <!-- com.atuomation.testcase.HomePageTest -->
